{"/Users/fedthebug/Documents/ccprotocol/sdk/__tests__/config.ts": {"path":"/Users/fedthebug/Documents/ccprotocol/sdk/__tests__/config.ts","statementMap":{"0":{"start":{"line":12,"column":0},"end":{"line":12,"column":16}},"1":{"start":{"line":2,"column":0},"end":{"line":2,"column":28}},"2":{"start":{"line":3,"column":0},"end":{"line":3,"column":16}},"3":{"start":{"line":13,"column":2},"end":{"line":21,"column":3}},"4":{"start":{"line":18,"column":4},"end":{"line":20,"column":6}},"5":{"start":{"line":23,"column":2},"end":{"line":27,"column":4}}},"fnMap":{"0":{"name":"getConfigFromEnv","decl":{"start":{"line":12,"column":16},"end":{"line":12,"column":32}},"loc":{"start":{"line":12,"column":32},"end":{"line":28,"column":1}}}},"branchMap":{"0":{"loc":{"start":{"line":13,"column":2},"end":{"line":21,"column":3}},"type":"if","locations":[{"start":{"line":13,"column":2},"end":{"line":21,"column":3}},{"start":{},"end":{}}]},"1":{"loc":{"start":{"line":14,"column":4},"end":{"line":16,"column":25}},"type":"binary-expr","locations":[{"start":{"line":14,"column":4},"end":{"line":14,"column":26}},{"start":{"line":15,"column":4},"end":{"line":15,"column":30}},{"start":{"line":16,"column":4},"end":{"line":16,"column":25}}]}},"s":{"0":1,"1":1,"2":1,"3":1,"4":0,"5":1},"f":{"0":1},"b":{"0":[0,1],"1":[1,1,1]}}
,"/Users/fedthebug/Documents/ccprotocol/sdk/src/services/authService.ts": {"path":"/Users/fedthebug/Documents/ccprotocol/sdk/src/services/authService.ts","statementMap":{"0":{"start":{"line":1,"column":0},"end":{"line":1,"column":83}},"1":{"start":{"line":2,"column":0},"end":{"line":2,"column":49}},"2":{"start":{"line":3,"column":0},"end":{"line":3,"column":49}},"3":{"start":{"line":8,"column":10},"end":{"line":8,"column":44}},"4":{"start":{"line":9,"column":10},"end":{"line":9,"column":48}},"5":{"start":{"line":13,"column":4},"end":{"line":13,"column":25}},"6":{"start":{"line":14,"column":4},"end":{"line":14,"column":37}},"7":{"start":{"line":18,"column":4},"end":{"line":37,"column":5}},"8":{"start":{"line":19,"column":36},"end":{"line":23,"column":8}},"9":{"start":{"line":25,"column":23},"end":{"line":30,"column":null}},"10":{"start":{"line":32,"column":6},"end":{"line":32,"column":47}},"11":{"start":{"line":33,"column":6},"end":{"line":33,"column":62}},"12":{"start":{"line":34,"column":6},"end":{"line":34,"column":26}},"13":{"start":{"line":36,"column":6},"end":{"line":36,"column":63}},"14":{"start":{"line":41,"column":24},"end":{"line":41,"column":34}},"15":{"start":{"line":43,"column":4},"end":{"line":53,"column":5}},"16":{"start":{"line":48,"column":23},"end":{"line":48,"column":46}},"17":{"start":{"line":49,"column":6},"end":{"line":51,"column":7}},"18":{"start":{"line":50,"column":8},"end":{"line":50,"column":24}},"19":{"start":{"line":52,"column":6},"end":{"line":52,"column":45}},"20":{"start":{"line":54,"column":4},"end":{"line":54,"column":32}},"21":{"start":{"line":6,"column":0},"end":{"line":6,"column":13}}},"fnMap":{"0":{"name":"(anonymous_0)","decl":{"start":{"line":12,"column":2},"end":{"line":12,"column":14}},"loc":{"start":{"line":12,"column":59},"end":{"line":15,"column":3}}},"1":{"name":"(anonymous_1)","decl":{"start":{"line":17,"column":2},"end":{"line":17,"column":7}},"loc":{"start":{"line":17,"column":18},"end":{"line":38,"column":3}}},"2":{"name":"(anonymous_2)","decl":{"start":{"line":40,"column":2},"end":{"line":40,"column":7}},"loc":{"start":{"line":40,"column":22},"end":{"line":55,"column":3}}}},"branchMap":{"0":{"loc":{"start":{"line":43,"column":4},"end":{"line":53,"column":5}},"type":"if","locations":[{"start":{"line":43,"column":4},"end":{"line":53,"column":5}},{"start":{},"end":{}}]},"1":{"loc":{"start":{"line":44,"column":6},"end":{"line":46,"column":49}},"type":"binary-expr","locations":[{"start":{"line":44,"column":6},"end":{"line":44,"column":23}},{"start":{"line":45,"column":6},"end":{"line":45,"column":27}},{"start":{"line":46,"column":6},"end":{"line":46,"column":49}}]},"2":{"loc":{"start":{"line":49,"column":6},"end":{"line":51,"column":7}},"type":"if","locations":[{"start":{"line":49,"column":6},"end":{"line":51,"column":7}},{"start":{},"end":{}}]}},"s":{"0":1,"1":1,"2":1,"3":4,"4":4,"5":4,"6":4,"7":5,"8":5,"9":5,"10":4,"11":4,"12":4,"13":1,"14":4,"15":4,"16":3,"17":3,"18":0,"19":3,"20":1,"21":1},"f":{"0":4,"1":5,"2":4},"b":{"0":[3,1],"1":[4,2,2],"2":[0,3]}}
,"/Users/fedthebug/Documents/ccprotocol/sdk/src/services/customerService.ts": {"path":"/Users/fedthebug/Documents/ccprotocol/sdk/src/services/customerService.ts","statementMap":{"0":{"start":{"line":1,"column":0},"end":{"line":1,"column":null}},"1":{"start":{"line":14,"column":0},"end":{"line":14,"column":49}},"2":{"start":{"line":15,"column":0},"end":{"line":15,"column":49}},"3":{"start":{"line":29,"column":4},"end":{"line":29,"column":25}},"4":{"start":{"line":30,"column":4},"end":{"line":30,"column":35}},"5":{"start":{"line":31,"column":4},"end":{"line":31,"column":37}},"6":{"start":{"line":37,"column":4},"end":{"line":58,"column":5}},"7":{"start":{"line":39,"column":20},"end":{"line":39,"column":59}},"8":{"start":{"line":40,"column":6},"end":{"line":42,"column":7}},"9":{"start":{"line":41,"column":8},"end":{"line":41,"column":32}},"10":{"start":{"line":44,"column":23},"end":{"line":52,"column":null}},"11":{"start":{"line":55,"column":6},"end":{"line":55,"column":26}},"12":{"start":{"line":57,"column":6},"end":{"line":57,"column":67}},"13":{"start":{"line":62,"column":4},"end":{"line":82,"column":5}},"14":{"start":{"line":64,"column":20},"end":{"line":64,"column":59}},"15":{"start":{"line":65,"column":6},"end":{"line":67,"column":7}},"16":{"start":{"line":66,"column":8},"end":{"line":66,"column":32}},"17":{"start":{"line":69,"column":23},"end":{"line":76,"column":null}},"18":{"start":{"line":79,"column":6},"end":{"line":79,"column":26}},"19":{"start":{"line":81,"column":6},"end":{"line":81,"column":69}},"20":{"start":{"line":88,"column":4},"end":{"line":117,"column":5}},"21":{"start":{"line":89,"column":20},"end":{"line":89,"column":59}},"22":{"start":{"line":90,"column":6},"end":{"line":92,"column":7}},"23":{"start":{"line":91,"column":8},"end":{"line":91,"column":32}},"24":{"start":{"line":94,"column":26},"end":{"line":102,"column":12}},"25":{"start":{"line":96,"column":36},"end":{"line":96,"column":55}},"26":{"start":{"line":99,"column":16},"end":{"line":99,"column":73}},"27":{"start":{"line":104,"column":23},"end":{"line":111,"column":null}},"28":{"start":{"line":114,"column":6},"end":{"line":114,"column":26}},"29":{"start":{"line":116,"column":6},"end":{"line":116,"column":66}},"30":{"start":{"line":124,"column":4},"end":{"line":145,"column":5}},"31":{"start":{"line":126,"column":20},"end":{"line":126,"column":59}},"32":{"start":{"line":127,"column":6},"end":{"line":129,"column":7}},"33":{"start":{"line":128,"column":8},"end":{"line":128,"column":32}},"34":{"start":{"line":131,"column":23},"end":{"line":139,"column":null}},"35":{"start":{"line":142,"column":6},"end":{"line":142,"column":26}},"36":{"start":{"line":144,"column":6},"end":{"line":144,"column":67}},"37":{"start":{"line":19,"column":0},"end":{"line":19,"column":13}}},"fnMap":{"0":{"name":"(anonymous_0)","decl":{"start":{"line":24,"column":2},"end":{"line":24,"column":null}},"loc":{"start":{"line":27,"column":30},"end":{"line":32,"column":3}}},"1":{"name":"(anonymous_1)","decl":{"start":{"line":34,"column":2},"end":{"line":34,"column":7}},"loc":{"start":{"line":35,"column":35},"end":{"line":59,"column":3}}},"2":{"name":"(anonymous_2)","decl":{"start":{"line":61,"column":2},"end":{"line":61,"column":7}},"loc":{"start":{"line":61,"column":30},"end":{"line":83,"column":3}}},"3":{"name":"(anonymous_3)","decl":{"start":{"line":85,"column":2},"end":{"line":85,"column":7}},"loc":{"start":{"line":86,"column":36},"end":{"line":118,"column":3}}},"4":{"name":"(anonymous_4)","decl":{"start":{"line":96,"column":20},"end":{"line":96,"column":21}},"loc":{"start":{"line":96,"column":36},"end":{"line":96,"column":55}}},"5":{"name":"(anonymous_5)","decl":{"start":{"line":98,"column":14},"end":{"line":98,"column":15}},"loc":{"start":{"line":99,"column":16},"end":{"line":99,"column":73}}},"6":{"name":"(anonymous_6)","decl":{"start":{"line":120,"column":2},"end":{"line":120,"column":7}},"loc":{"start":{"line":122,"column":35},"end":{"line":146,"column":3}}}},"branchMap":{"0":{"loc":{"start":{"line":40,"column":6},"end":{"line":42,"column":7}},"type":"if","locations":[{"start":{"line":40,"column":6},"end":{"line":42,"column":7}},{"start":{},"end":{}}]},"1":{"loc":{"start":{"line":65,"column":6},"end":{"line":67,"column":7}},"type":"if","locations":[{"start":{"line":65,"column":6},"end":{"line":67,"column":7}},{"start":{},"end":{}}]},"2":{"loc":{"start":{"line":90,"column":6},"end":{"line":92,"column":7}},"type":"if","locations":[{"start":{"line":90,"column":6},"end":{"line":92,"column":7}},{"start":{},"end":{}}]},"3":{"loc":{"start":{"line":94,"column":26},"end":{"line":102,"column":12}},"type":"cond-expr","locations":[{"start":{"line":95,"column":10},"end":{"line":101,"column":24}},{"start":{"line":102,"column":10},"end":{"line":102,"column":12}}]},"4":{"loc":{"start":{"line":127,"column":6},"end":{"line":129,"column":7}},"type":"if","locations":[{"start":{"line":127,"column":6},"end":{"line":129,"column":7}},{"start":{},"end":{}}]}},"s":{"0":1,"1":1,"2":1,"3":5,"4":5,"5":5,"6":2,"7":2,"8":2,"9":0,"10":2,"11":1,"12":1,"13":1,"14":1,"15":1,"16":0,"17":1,"18":1,"19":0,"20":1,"21":1,"22":1,"23":0,"24":1,"25":2,"26":2,"27":1,"28":1,"29":0,"30":1,"31":1,"32":1,"33":0,"34":1,"35":1,"36":0,"37":1},"f":{"0":5,"1":2,"2":1,"3":1,"4":2,"5":2,"6":1},"b":{"0":[0,2],"1":[0,1],"2":[0,1],"3":[1,0],"4":[0,1]}}
,"/Users/fedthebug/Documents/ccprotocol/sdk/src/types/index.ts": {"path":"/Users/fedthebug/Documents/ccprotocol/sdk/src/types/index.ts","statementMap":{"0":{"start":{"line":1,"column":0},"end":{"line":1,"column":25}},"1":{"start":{"line":2,"column":0},"end":{"line":2,"column":24}},"2":{"start":{"line":3,"column":0},"end":{"line":3,"column":26}},"3":{"start":{"line":4,"column":0},"end":{"line":4,"column":27}},"4":{"start":{"line":5,"column":0},"end":{"line":5,"column":27}},"5":{"start":{"line":6,"column":0},"end":{"line":6,"column":31}},"6":{"start":{"line":7,"column":0},"end":{"line":7,"column":26}},"7":{"start":{"line":8,"column":0},"end":{"line":8,"column":27}},"8":{"start":{"line":9,"column":0},"end":{"line":9,"column":23}},"9":{"start":{"line":10,"column":0},"end":{"line":10,"column":23}},"10":{"start":{"line":11,"column":0},"end":{"line":11,"column":22}},"11":{"start":{"line":12,"column":0},"end":{"line":12,"column":25}}},"fnMap":{},"branchMap":{},"s":{"0":2,"1":2,"2":2,"3":2,"4":2,"5":2,"6":2,"7":2,"8":2,"9":2,"10":2,"11":2},"f":{},"b":{}}
,"/Users/fedthebug/Documents/ccprotocol/sdk/src/types/result.ts": {"path":"/Users/fedthebug/Documents/ccprotocol/sdk/src/types/result.ts","statementMap":{"0":{"start":{"line":7,"column":18},"end":{"line":7,"column":74}},"1":{"start":{"line":7,"column":54},"end":{"line":7,"column":73}},"2":{"start":{"line":7,"column":13},"end":{"line":7,"column":18}},"3":{"start":{"line":8,"column":19},"end":{"line":8,"column":76}},"4":{"start":{"line":8,"column":55},"end":{"line":8,"column":75}},"5":{"start":{"line":8,"column":13},"end":{"line":8,"column":19}}},"fnMap":{"0":{"name":"(anonymous_0)","decl":{"start":{"line":7,"column":18},"end":{"line":7,"column":22}},"loc":{"start":{"line":7,"column":54},"end":{"line":7,"column":73}}},"1":{"name":"(anonymous_1)","decl":{"start":{"line":8,"column":19},"end":{"line":8,"column":23}},"loc":{"start":{"line":8,"column":55},"end":{"line":8,"column":75}}}},"branchMap":{},"s":{"0":2,"1":26,"2":2,"3":2,"4":2,"5":2},"f":{"0":26,"1":2},"b":{}}
,"/Users/fedthebug/Documents/ccprotocol/sdk/src/utils/errorHandler.ts": {"path":"/Users/fedthebug/Documents/ccprotocol/sdk/src/utils/errorHandler.ts","statementMap":{"0":{"start":{"line":5,"column":4},"end":{"line":5,"column":19}},"1":{"start":{"line":6,"column":4},"end":{"line":6,"column":27}},"2":{"start":{"line":7,"column":4},"end":{"line":7,"column":23}},"3":{"start":{"line":1,"column":0},"end":{"line":1,"column":13}}},"fnMap":{"0":{"name":"(anonymous_0)","decl":{"start":{"line":4,"column":2},"end":{"line":4,"column":14}},"loc":{"start":{"line":4,"column":42},"end":{"line":8,"column":3}}}},"branchMap":{},"s":{"0":2,"1":2,"2":2,"3":2},"f":{"0":2},"b":{}}
,"/Users/fedthebug/Documents/ccprotocol/sdk/src/utils/httpClient.ts": {"path":"/Users/fedthebug/Documents/ccprotocol/sdk/src/utils/httpClient.ts","statementMap":{"0":{"start":{"line":2,"column":0},"end":{"line":2,"column":43}},"1":{"start":{"line":10,"column":13},"end":{"line":125,"column":2}},"2":{"start":{"line":12,"column":4},"end":{"line":33,"column":28}},"3":{"start":{"line":13,"column":23},"end":{"line":20,"column":8}},"4":{"start":{"line":22,"column":27},"end":{"line":22,"column":48}},"5":{"start":{"line":24,"column":6},"end":{"line":30,"column":7}},"6":{"start":{"line":26,"column":27},"end":{"line":26,"column":71}},"7":{"start":{"line":27,"column":8},"end":{"line":27,"column":39}},"8":{"start":{"line":28,"column":8},"end":{"line":28,"column":34}},"9":{"start":{"line":29,"column":8},"end":{"line":29,"column":20}},"10":{"start":{"line":32,"column":6},"end":{"line":32,"column":31}},"11":{"start":{"line":36,"column":4},"end":{"line":55,"column":28}},"12":{"start":{"line":37,"column":23},"end":{"line":43,"column":8}},"13":{"start":{"line":45,"column":27},"end":{"line":45,"column":48}},"14":{"start":{"line":47,"column":6},"end":{"line":52,"column":7}},"15":{"start":{"line":48,"column":27},"end":{"line":48,"column":71}},"16":{"start":{"line":49,"column":8},"end":{"line":49,"column":39}},"17":{"start":{"line":50,"column":8},"end":{"line":50,"column":34}},"18":{"start":{"line":51,"column":8},"end":{"line":51,"column":20}},"19":{"start":{"line":54,"column":6},"end":{"line":54,"column":31}},"20":{"start":{"line":58,"column":4},"end":{"line":77,"column":28}},"21":{"start":{"line":59,"column":23},"end":{"line":65,"column":8}},"22":{"start":{"line":67,"column":27},"end":{"line":67,"column":48}},"23":{"start":{"line":69,"column":6},"end":{"line":74,"column":7}},"24":{"start":{"line":70,"column":27},"end":{"line":70,"column":71}},"25":{"start":{"line":71,"column":8},"end":{"line":71,"column":39}},"26":{"start":{"line":72,"column":8},"end":{"line":72,"column":34}},"27":{"start":{"line":73,"column":8},"end":{"line":73,"column":20}},"28":{"start":{"line":76,"column":6},"end":{"line":76,"column":31}},"29":{"start":{"line":80,"column":4},"end":{"line":100,"column":28}},"30":{"start":{"line":81,"column":23},"end":{"line":88,"column":8}},"31":{"start":{"line":90,"column":27},"end":{"line":90,"column":48}},"32":{"start":{"line":92,"column":6},"end":{"line":97,"column":7}},"33":{"start":{"line":93,"column":27},"end":{"line":93,"column":71}},"34":{"start":{"line":94,"column":8},"end":{"line":94,"column":39}},"35":{"start":{"line":95,"column":8},"end":{"line":95,"column":34}},"36":{"start":{"line":96,"column":8},"end":{"line":96,"column":20}},"37":{"start":{"line":99,"column":6},"end":{"line":99,"column":31}},"38":{"start":{"line":103,"column":4},"end":{"line":123,"column":28}},"39":{"start":{"line":104,"column":23},"end":{"line":111,"column":8}},"40":{"start":{"line":113,"column":27},"end":{"line":113,"column":48}},"41":{"start":{"line":115,"column":6},"end":{"line":120,"column":7}},"42":{"start":{"line":116,"column":27},"end":{"line":116,"column":71}},"43":{"start":{"line":117,"column":8},"end":{"line":117,"column":39}},"44":{"start":{"line":118,"column":8},"end":{"line":118,"column":34}},"45":{"start":{"line":119,"column":8},"end":{"line":119,"column":20}},"46":{"start":{"line":122,"column":6},"end":{"line":122,"column":31}}},"fnMap":{"0":{"name":"(anonymous_0)","decl":{"start":{"line":11,"column":2},"end":{"line":11,"column":7}},"loc":{"start":{"line":11,"column":64},"end":{"line":34,"column":3}}},"1":{"name":"(anonymous_1)","decl":{"start":{"line":12,"column":21},"end":{"line":12,"column":26}},"loc":{"start":{"line":12,"column":32},"end":{"line":33,"column":5}}},"2":{"name":"(anonymous_2)","decl":{"start":{"line":35,"column":2},"end":{"line":35,"column":7}},"loc":{"start":{"line":35,"column":52},"end":{"line":56,"column":3}}},"3":{"name":"(anonymous_3)","decl":{"start":{"line":36,"column":21},"end":{"line":36,"column":26}},"loc":{"start":{"line":36,"column":32},"end":{"line":55,"column":5}}},"4":{"name":"(anonymous_4)","decl":{"start":{"line":57,"column":2},"end":{"line":57,"column":7}},"loc":{"start":{"line":57,"column":55},"end":{"line":78,"column":3}}},"5":{"name":"(anonymous_5)","decl":{"start":{"line":58,"column":21},"end":{"line":58,"column":26}},"loc":{"start":{"line":58,"column":32},"end":{"line":77,"column":5}}},"6":{"name":"(anonymous_6)","decl":{"start":{"line":79,"column":2},"end":{"line":79,"column":7}},"loc":{"start":{"line":79,"column":63},"end":{"line":101,"column":3}}},"7":{"name":"(anonymous_7)","decl":{"start":{"line":80,"column":21},"end":{"line":80,"column":26}},"loc":{"start":{"line":80,"column":32},"end":{"line":100,"column":5}}},"8":{"name":"(anonymous_8)","decl":{"start":{"line":102,"column":2},"end":{"line":102,"column":7}},"loc":{"start":{"line":102,"column":65},"end":{"line":124,"column":3}}},"9":{"name":"(anonymous_9)","decl":{"start":{"line":103,"column":21},"end":{"line":103,"column":26}},"loc":{"start":{"line":103,"column":32},"end":{"line":123,"column":5}}}},"branchMap":{"0":{"loc":{"start":{"line":17,"column":13},"end":{"line":17,"column":28}},"type":"cond-expr","locations":[{"start":{"line":17,"column":19},"end":{"line":17,"column":21}},{"start":{"line":17,"column":13},"end":{"line":17,"column":28}}]},"1":{"loc":{"start":{"line":17,"column":13},"end":{"line":17,"column":21}},"type":"binary-expr","locations":[{"start":{"line":17,"column":13},"end":{"line":17,"column":21}},{"start":{"line":17,"column":13},"end":{"line":17,"column":21}}]},"2":{"loc":{"start":{"line":24,"column":6},"end":{"line":30,"column":7}},"type":"if","locations":[{"start":{"line":24,"column":6},"end":{"line":30,"column":7}},{"start":{},"end":{}}]},"3":{"loc":{"start":{"line":26,"column":37},"end":{"line":26,"column":70}},"type":"binary-expr","locations":[{"start":{"line":26,"column":37},"end":{"line":26,"column":54}},{"start":{"line":26,"column":58},"end":{"line":26,"column":70}}]},"4":{"loc":{"start":{"line":26,"column":37},"end":{"line":26,"column":54}},"type":"cond-expr","locations":[{"start":{"line":26,"column":49},"end":{"line":26,"column":51}},{"start":{"line":26,"column":37},"end":{"line":26,"column":54}}]},"5":{"loc":{"start":{"line":26,"column":37},"end":{"line":26,"column":51}},"type":"binary-expr","locations":[{"start":{"line":26,"column":37},"end":{"line":26,"column":51}},{"start":{"line":26,"column":37},"end":{"line":26,"column":51}}]},"6":{"loc":{"start":{"line":41,"column":13},"end":{"line":41,"column":28}},"type":"cond-expr","locations":[{"start":{"line":41,"column":19},"end":{"line":41,"column":21}},{"start":{"line":41,"column":13},"end":{"line":41,"column":28}}]},"7":{"loc":{"start":{"line":41,"column":13},"end":{"line":41,"column":21}},"type":"binary-expr","locations":[{"start":{"line":41,"column":13},"end":{"line":41,"column":21}},{"start":{"line":41,"column":13},"end":{"line":41,"column":21}}]},"8":{"loc":{"start":{"line":47,"column":6},"end":{"line":52,"column":7}},"type":"if","locations":[{"start":{"line":47,"column":6},"end":{"line":52,"column":7}},{"start":{},"end":{}}]},"9":{"loc":{"start":{"line":48,"column":37},"end":{"line":48,"column":70}},"type":"binary-expr","locations":[{"start":{"line":48,"column":37},"end":{"line":48,"column":54}},{"start":{"line":48,"column":58},"end":{"line":48,"column":70}}]},"10":{"loc":{"start":{"line":48,"column":37},"end":{"line":48,"column":54}},"type":"cond-expr","locations":[{"start":{"line":48,"column":49},"end":{"line":48,"column":51}},{"start":{"line":48,"column":37},"end":{"line":48,"column":54}}]},"11":{"loc":{"start":{"line":48,"column":37},"end":{"line":48,"column":51}},"type":"binary-expr","locations":[{"start":{"line":48,"column":37},"end":{"line":48,"column":51}},{"start":{"line":48,"column":37},"end":{"line":48,"column":51}}]},"12":{"loc":{"start":{"line":63,"column":13},"end":{"line":63,"column":28}},"type":"cond-expr","locations":[{"start":{"line":63,"column":19},"end":{"line":63,"column":21}},{"start":{"line":63,"column":13},"end":{"line":63,"column":28}}]},"13":{"loc":{"start":{"line":63,"column":13},"end":{"line":63,"column":21}},"type":"binary-expr","locations":[{"start":{"line":63,"column":13},"end":{"line":63,"column":21}},{"start":{"line":63,"column":13},"end":{"line":63,"column":21}}]},"14":{"loc":{"start":{"line":69,"column":6},"end":{"line":74,"column":7}},"type":"if","locations":[{"start":{"line":69,"column":6},"end":{"line":74,"column":7}},{"start":{},"end":{}}]},"15":{"loc":{"start":{"line":70,"column":37},"end":{"line":70,"column":70}},"type":"binary-expr","locations":[{"start":{"line":70,"column":37},"end":{"line":70,"column":54}},{"start":{"line":70,"column":58},"end":{"line":70,"column":70}}]},"16":{"loc":{"start":{"line":70,"column":37},"end":{"line":70,"column":54}},"type":"cond-expr","locations":[{"start":{"line":70,"column":49},"end":{"line":70,"column":51}},{"start":{"line":70,"column":37},"end":{"line":70,"column":54}}]},"17":{"loc":{"start":{"line":70,"column":37},"end":{"line":70,"column":51}},"type":"binary-expr","locations":[{"start":{"line":70,"column":37},"end":{"line":70,"column":51}},{"start":{"line":70,"column":37},"end":{"line":70,"column":51}}]},"18":{"loc":{"start":{"line":85,"column":13},"end":{"line":85,"column":28}},"type":"cond-expr","locations":[{"start":{"line":85,"column":19},"end":{"line":85,"column":21}},{"start":{"line":85,"column":13},"end":{"line":85,"column":28}}]},"19":{"loc":{"start":{"line":85,"column":13},"end":{"line":85,"column":21}},"type":"binary-expr","locations":[{"start":{"line":85,"column":13},"end":{"line":85,"column":21}},{"start":{"line":85,"column":13},"end":{"line":85,"column":21}}]},"20":{"loc":{"start":{"line":92,"column":6},"end":{"line":97,"column":7}},"type":"if","locations":[{"start":{"line":92,"column":6},"end":{"line":97,"column":7}},{"start":{},"end":{}}]},"21":{"loc":{"start":{"line":93,"column":37},"end":{"line":93,"column":70}},"type":"binary-expr","locations":[{"start":{"line":93,"column":37},"end":{"line":93,"column":54}},{"start":{"line":93,"column":58},"end":{"line":93,"column":70}}]},"22":{"loc":{"start":{"line":93,"column":37},"end":{"line":93,"column":54}},"type":"cond-expr","locations":[{"start":{"line":93,"column":49},"end":{"line":93,"column":51}},{"start":{"line":93,"column":37},"end":{"line":93,"column":54}}]},"23":{"loc":{"start":{"line":93,"column":37},"end":{"line":93,"column":51}},"type":"binary-expr","locations":[{"start":{"line":93,"column":37},"end":{"line":93,"column":51}},{"start":{"line":93,"column":37},"end":{"line":93,"column":51}}]},"24":{"loc":{"start":{"line":108,"column":13},"end":{"line":108,"column":28}},"type":"cond-expr","locations":[{"start":{"line":108,"column":19},"end":{"line":108,"column":21}},{"start":{"line":108,"column":13},"end":{"line":108,"column":28}}]},"25":{"loc":{"start":{"line":108,"column":13},"end":{"line":108,"column":21}},"type":"binary-expr","locations":[{"start":{"line":108,"column":13},"end":{"line":108,"column":21}},{"start":{"line":108,"column":13},"end":{"line":108,"column":21}}]},"26":{"loc":{"start":{"line":110,"column":14},"end":{"line":110,"column":53}},"type":"cond-expr","locations":[{"start":{"line":110,"column":21},"end":{"line":110,"column":41}},{"start":{"line":110,"column":44},"end":{"line":110,"column":53}}]},"27":{"loc":{"start":{"line":115,"column":6},"end":{"line":120,"column":7}},"type":"if","locations":[{"start":{"line":115,"column":6},"end":{"line":120,"column":7}},{"start":{},"end":{}}]},"28":{"loc":{"start":{"line":116,"column":37},"end":{"line":116,"column":70}},"type":"binary-expr","locations":[{"start":{"line":116,"column":37},"end":{"line":116,"column":54}},{"start":{"line":116,"column":58},"end":{"line":116,"column":70}}]},"29":{"loc":{"start":{"line":116,"column":37},"end":{"line":116,"column":54}},"type":"cond-expr","locations":[{"start":{"line":116,"column":49},"end":{"line":116,"column":51}},{"start":{"line":116,"column":37},"end":{"line":116,"column":54}}]},"30":{"loc":{"start":{"line":116,"column":37},"end":{"line":116,"column":51}},"type":"binary-expr","locations":[{"start":{"line":116,"column":37},"end":{"line":116,"column":51}},{"start":{"line":116,"column":37},"end":{"line":116,"column":51}}]}},"s":{"0":1,"1":1,"2":0,"3":0,"4":0,"5":0,"6":0,"7":0,"8":0,"9":0,"10":0,"11":0,"12":0,"13":0,"14":0,"15":0,"16":0,"17":0,"18":0,"19":0,"20":0,"21":0,"22":0,"23":0,"24":0,"25":0,"26":0,"27":0,"28":0,"29":0,"30":0,"31":0,"32":0,"33":0,"34":0,"35":0,"36":0,"37":0,"38":0,"39":0,"40":0,"41":0,"42":0,"43":0,"44":0,"45":0,"46":0},"f":{"0":0,"1":0,"2":0,"3":0,"4":0,"5":0,"6":0,"7":0,"8":0,"9":0},"b":{"0":[0,0],"1":[0,0],"2":[0,0],"3":[0,0],"4":[0,0],"5":[0,0],"6":[0,0],"7":[0,0],"8":[0,0],"9":[0,0],"10":[0,0],"11":[0,0],"12":[0,0],"13":[0,0],"14":[0,0],"15":[0,0],"16":[0,0],"17":[0,0],"18":[0,0],"19":[0,0],"20":[0,0],"21":[0,0],"22":[0,0],"23":[0,0],"24":[0,0],"25":[0,0],"26":[0,0],"27":[0,0],"28":[0,0],"29":[0,0],"30":[0,0]}}
,"/Users/fedthebug/Documents/ccprotocol/sdk/src/utils/retryHandler.ts": {"path":"/Users/fedthebug/Documents/ccprotocol/sdk/src/utils/retryHandler.ts","statementMap":{"0":{"start":{"line":3,"column":0},"end":{"line":3,"column":7}},"1":{"start":{"line":16,"column":6},"end":{"line":16,"column":13}},"2":{"start":{"line":13,"column":28},"end":{"line":13,"column":56}},"3":{"start":{"line":18,"column":16},"end":{"line":18,"column":17}},"4":{"start":{"line":19,"column":17},"end":{"line":19,"column":22}},"5":{"start":{"line":21,"column":2},"end":{"line":46,"column":3}},"6":{"start":{"line":22,"column":4},"end":{"line":45,"column":5}},"7":{"start":{"line":23,"column":6},"end":{"line":23,"column":60}},"8":{"start":{"line":23,"column":27},"end":{"line":23,"column":60}},"9":{"start":{"line":24,"column":6},"end":{"line":24,"column":24}},"10":{"start":{"line":26,"column":21},"end":{"line":26,"column":34}},"11":{"start":{"line":27,"column":26},"end":{"line":27,"column":79}},"12":{"start":{"line":29,"column":6},"end":{"line":29,"column":70}},"13":{"start":{"line":29,"column":58},"end":{"line":29,"column":70}},"14":{"start":{"line":31,"column":6},"end":{"line":31,"column":36}},"15":{"start":{"line":34,"column":23},"end":{"line":34,"column":54}},"16":{"start":{"line":35,"column":6},"end":{"line":41,"column":7}},"17":{"start":{"line":36,"column":8},"end":{"line":36,"column":45}},"18":{"start":{"line":38,"column":8},"end":{"line":38,"column":64}},"19":{"start":{"line":40,"column":8},"end":{"line":40,"column":58}},"20":{"start":{"line":43,"column":6},"end":{"line":43,"column":68}},"21":{"start":{"line":43,"column":37},"end":{"line":43,"column":66}},"22":{"start":{"line":44,"column":6},"end":{"line":44,"column":16}},"23":{"start":{"line":48,"column":2},"end":{"line":48,"column":57}}},"fnMap":{"0":{"name":"withRetry","decl":{"start":{"line":3,"column":22},"end":{"line":3,"column":31}},"loc":{"start":{"line":5,"column":23},"end":{"line":49,"column":1}}},"1":{"name":"(anonymous_1)","decl":{"start":{"line":13,"column":19},"end":{"line":13,"column":20}},"loc":{"start":{"line":13,"column":28},"end":{"line":13,"column":56}}},"2":{"name":"(anonymous_2)","decl":{"start":{"line":43,"column":24},"end":{"line":43,"column":25}},"loc":{"start":{"line":43,"column":37},"end":{"line":43,"column":66}}}},"branchMap":{"0":{"loc":{"start":{"line":10,"column":4},"end":{"line":10,"column":21}},"type":"default-arg","locations":[{"start":{"line":10,"column":20},"end":{"line":10,"column":21}}]},"1":{"loc":{"start":{"line":11,"column":4},"end":{"line":11,"column":20}},"type":"default-arg","locations":[{"start":{"line":11,"column":15},"end":{"line":11,"column":20}}]},"2":{"loc":{"start":{"line":12,"column":4},"end":{"line":12,"column":50}},"type":"default-arg","locations":[{"start":{"line":12,"column":20},"end":{"line":12,"column":50}}]},"3":{"loc":{"start":{"line":13,"column":4},"end":{"line":13,"column":56}},"type":"default-arg","locations":[{"start":{"line":13,"column":19},"end":{"line":13,"column":56}}]},"4":{"loc":{"start":{"line":13,"column":36},"end":{"line":13,"column":55}},"type":"cond-expr","locations":[{"start":{"line":13,"column":39},"end":{"line":13,"column":41}},{"start":{"line":13,"column":36},"end":{"line":13,"column":55}}]},"5":{"loc":{"start":{"line":13,"column":36},"end":{"line":13,"column":41}},"type":"binary-expr","locations":[{"start":{"line":13,"column":36},"end":{"line":13,"column":41}},{"start":{"line":13,"column":36},"end":{"line":13,"column":41}}]},"6":{"loc":{"start":{"line":23,"column":6},"end":{"line":23,"column":60}},"type":"if","locations":[{"start":{"line":23,"column":6},"end":{"line":23,"column":60}},{"start":{},"end":{}}]},"7":{"loc":{"start":{"line":23,"column":10},"end":{"line":23,"column":25}},"type":"cond-expr","locations":[{"start":{"line":23,"column":16},"end":{"line":23,"column":18}},{"start":{"line":23,"column":10},"end":{"line":23,"column":25}}]},"8":{"loc":{"start":{"line":23,"column":10},"end":{"line":23,"column":18}},"type":"binary-expr","locations":[{"start":{"line":23,"column":10},"end":{"line":23,"column":18}},{"start":{"line":23,"column":10},"end":{"line":23,"column":18}}]},"9":{"loc":{"start":{"line":26,"column":21},"end":{"line":26,"column":34}},"type":"cond-expr","locations":[{"start":{"line":26,"column":26},"end":{"line":26,"column":28}},{"start":{"line":26,"column":21},"end":{"line":26,"column":34}}]},"10":{"loc":{"start":{"line":26,"column":21},"end":{"line":26,"column":28}},"type":"binary-expr","locations":[{"start":{"line":26,"column":21},"end":{"line":26,"column":28}},{"start":{"line":26,"column":21},"end":{"line":26,"column":28}}]},"11":{"loc":{"start":{"line":27,"column":26},"end":{"line":27,"column":79}},"type":"binary-expr","locations":[{"start":{"line":27,"column":26},"end":{"line":27,"column":56}},{"start":{"line":27,"column":60},"end":{"line":27,"column":79}}]},"12":{"loc":{"start":{"line":29,"column":6},"end":{"line":29,"column":70}},"type":"if","locations":[{"start":{"line":29,"column":6},"end":{"line":29,"column":70}},{"start":{},"end":{}}]},"13":{"loc":{"start":{"line":29,"column":10},"end":{"line":29,"column":56}},"type":"binary-expr","locations":[{"start":{"line":29,"column":10},"end":{"line":29,"column":40}},{"start":{"line":29,"column":44},"end":{"line":29,"column":56}}]},"14":{"loc":{"start":{"line":31,"column":6},"end":{"line":31,"column":35}},"type":"cond-expr","locations":[{"start":{"line":31,"column":13},"end":{"line":31,"column":16}},{"start":{"line":31,"column":6},"end":{"line":31,"column":35}}]},"15":{"loc":{"start":{"line":31,"column":6},"end":{"line":31,"column":16}},"type":"binary-expr","locations":[{"start":{"line":31,"column":6},"end":{"line":31,"column":16}},{"start":{"line":31,"column":6},"end":{"line":31,"column":16}}]},"16":{"loc":{"start":{"line":34,"column":23},"end":{"line":34,"column":54}},"type":"cond-expr","locations":[{"start":{"line":34,"column":37},"end":{"line":34,"column":40}},{"start":{"line":34,"column":37},"end":{"line":34,"column":54}}]},"17":{"loc":{"start":{"line":34,"column":23},"end":{"line":34,"column":40}},"type":"binary-expr","locations":[{"start":{"line":34,"column":23},"end":{"line":34,"column":40}},{"start":{"line":34,"column":37},"end":{"line":34,"column":40}}]},"18":{"loc":{"start":{"line":34,"column":23},"end":{"line":34,"column":37}},"type":"cond-expr","locations":[{"start":{"line":34,"column":28},"end":{"line":34,"column":30}},{"start":{"line":34,"column":23},"end":{"line":34,"column":37}}]},"19":{"loc":{"start":{"line":34,"column":23},"end":{"line":34,"column":30}},"type":"binary-expr","locations":[{"start":{"line":34,"column":23},"end":{"line":34,"column":30}},{"start":{"line":34,"column":23},"end":{"line":34,"column":30}}]},"20":{"loc":{"start":{"line":35,"column":6},"end":{"line":41,"column":7}},"type":"if","locations":[{"start":{"line":35,"column":6},"end":{"line":41,"column":7}},{"start":{"line":37,"column":13},"end":{"line":41,"column":7}}]}},"s":{"0":1,"1":0,"2":0,"3":0,"4":0,"5":0,"6":0,"7":0,"8":0,"9":0,"10":0,"11":0,"12":0,"13":0,"14":0,"15":0,"16":0,"17":0,"18":0,"19":0,"20":0,"21":0,"22":0,"23":0},"f":{"0":0,"1":0,"2":0},"b":{"0":[0],"1":[0],"2":[0],"3":[0],"4":[0,0],"5":[0,0],"6":[0,0],"7":[0,0],"8":[0,0],"9":[0,0],"10":[0,0],"11":[0,0],"12":[0,0],"13":[0,0],"14":[0,0],"15":[0,0],"16":[0,0],"17":[0,0],"18":[0,0],"19":[0,0],"20":[0,0]}}
}
