TN:
SF:__tests__/config.ts
FN:12,getConfigFromEnv
FNF:1
FNH:1
FNDA:1,getConfigFromEnv
DA:2,1
DA:3,1
DA:12,1
DA:13,1
DA:18,0
DA:23,1
LF:6
LH:5
BRDA:13,0,0,0
BRDA:13,0,1,1
BRDA:14,1,0,1
BRDA:14,1,1,1
BRDA:14,1,2,1
BRF:5
BRH:4
end_of_record
TN:
SF:src/services/authService.ts
FN:12,(anonymous_0)
FN:17,(anonymous_1)
FN:40,(anonymous_2)
FNF:3
FNH:3
FNDA:4,(anonymous_0)
FNDA:5,(anonymous_1)
FNDA:4,(anonymous_2)
DA:1,1
DA:2,1
DA:3,1
DA:6,1
DA:8,4
DA:9,4
DA:13,4
DA:14,4
DA:18,5
DA:19,5
DA:25,5
DA:32,4
DA:33,4
DA:34,4
DA:36,1
DA:41,4
DA:43,4
DA:48,3
DA:49,3
DA:50,0
DA:52,3
DA:54,1
LF:22
LH:21
BRDA:43,0,0,3
BRDA:43,0,1,1
BRDA:44,1,0,4
BRDA:44,1,1,2
BRDA:44,1,2,2
BRDA:49,2,0,0
BRDA:49,2,1,3
BRF:7
BRH:6
end_of_record
TN:
SF:src/services/customerService.ts
FN:24,(anonymous_0)
FN:34,(anonymous_1)
FN:61,(anonymous_2)
FN:85,(anonymous_3)
FN:96,(anonymous_4)
FN:98,(anonymous_5)
FN:120,(anonymous_6)
FNF:7
FNH:7
FNDA:5,(anonymous_0)
FNDA:2,(anonymous_1)
FNDA:1,(anonymous_2)
FNDA:1,(anonymous_3)
FNDA:2,(anonymous_4)
FNDA:2,(anonymous_5)
FNDA:1,(anonymous_6)
DA:1,1
DA:14,1
DA:15,1
DA:19,1
DA:29,5
DA:30,5
DA:31,5
DA:37,2
DA:39,2
DA:40,2
DA:41,0
DA:44,2
DA:55,1
DA:57,1
DA:62,1
DA:64,1
DA:65,1
DA:66,0
DA:69,1
DA:79,1
DA:81,0
DA:88,1
DA:89,1
DA:90,1
DA:91,0
DA:94,1
DA:96,2
DA:99,2
DA:104,1
DA:114,1
DA:116,0
DA:124,1
DA:126,1
DA:127,1
DA:128,0
DA:131,1
DA:142,1
DA:144,0
LF:38
LH:31
BRDA:40,0,0,0
BRDA:40,0,1,2
BRDA:65,1,0,0
BRDA:65,1,1,1
BRDA:90,2,0,0
BRDA:90,2,1,1
BRDA:94,3,0,1
BRDA:94,3,1,0
BRDA:127,4,0,0
BRDA:127,4,1,1
BRF:10
BRH:5
end_of_record
TN:
SF:src/types/index.ts
FNF:0
FNH:0
DA:1,2
DA:2,2
DA:3,2
DA:4,2
DA:5,2
DA:6,2
DA:7,2
DA:8,2
DA:9,2
DA:10,2
DA:11,2
DA:12,2
LF:12
LH:12
BRF:0
BRH:0
end_of_record
TN:
SF:src/types/result.ts
FN:7,(anonymous_0)
FN:8,(anonymous_1)
FNF:2
FNH:2
FNDA:26,(anonymous_0)
FNDA:2,(anonymous_1)
DA:7,26
DA:8,2
LF:2
LH:2
BRF:0
BRH:0
end_of_record
TN:
SF:src/utils/errorHandler.ts
FN:4,(anonymous_0)
FNF:1
FNH:1
FNDA:2,(anonymous_0)
DA:1,2
DA:5,2
DA:6,2
DA:7,2
LF:4
LH:4
BRF:0
BRH:0
end_of_record
TN:
SF:src/utils/httpClient.ts
FN:11,(anonymous_0)
FN:12,(anonymous_1)
FN:35,(anonymous_2)
FN:36,(anonymous_3)
FN:57,(anonymous_4)
FN:58,(anonymous_5)
FN:79,(anonymous_6)
FN:80,(anonymous_7)
FN:102,(anonymous_8)
FN:103,(anonymous_9)
FNF:10
FNH:0
FNDA:0,(anonymous_0)
FNDA:0,(anonymous_1)
FNDA:0,(anonymous_2)
FNDA:0,(anonymous_3)
FNDA:0,(anonymous_4)
FNDA:0,(anonymous_5)
FNDA:0,(anonymous_6)
FNDA:0,(anonymous_7)
FNDA:0,(anonymous_8)
FNDA:0,(anonymous_9)
DA:2,1
DA:10,1
DA:12,0
DA:13,0
DA:22,0
DA:24,0
DA:26,0
DA:27,0
DA:28,0
DA:29,0
DA:32,0
DA:36,0
DA:37,0
DA:45,0
DA:47,0
DA:48,0
DA:49,0
DA:50,0
DA:51,0
DA:54,0
DA:58,0
DA:59,0
DA:67,0
DA:69,0
DA:70,0
DA:71,0
DA:72,0
DA:73,0
DA:76,0
DA:80,0
DA:81,0
DA:90,0
DA:92,0
DA:93,0
DA:94,0
DA:95,0
DA:96,0
DA:99,0
DA:103,0
DA:104,0
DA:113,0
DA:115,0
DA:116,0
DA:117,0
DA:118,0
DA:119,0
DA:122,0
LF:47
LH:2
BRDA:17,0,0,0
BRDA:17,0,1,0
BRDA:17,1,0,0
BRDA:17,1,1,0
BRDA:24,2,0,0
BRDA:24,2,1,0
BRDA:26,3,0,0
BRDA:26,3,1,0
BRDA:26,4,0,0
BRDA:26,4,1,0
BRDA:26,5,0,0
BRDA:26,5,1,0
BRDA:41,6,0,0
BRDA:41,6,1,0
BRDA:41,7,0,0
BRDA:41,7,1,0
BRDA:47,8,0,0
BRDA:47,8,1,0
BRDA:48,9,0,0
BRDA:48,9,1,0
BRDA:48,10,0,0
BRDA:48,10,1,0
BRDA:48,11,0,0
BRDA:48,11,1,0
BRDA:63,12,0,0
BRDA:63,12,1,0
BRDA:63,13,0,0
BRDA:63,13,1,0
BRDA:69,14,0,0
BRDA:69,14,1,0
BRDA:70,15,0,0
BRDA:70,15,1,0
BRDA:70,16,0,0
BRDA:70,16,1,0
BRDA:70,17,0,0
BRDA:70,17,1,0
BRDA:85,18,0,0
BRDA:85,18,1,0
BRDA:85,19,0,0
BRDA:85,19,1,0
BRDA:92,20,0,0
BRDA:92,20,1,0
BRDA:93,21,0,0
BRDA:93,21,1,0
BRDA:93,22,0,0
BRDA:93,22,1,0
BRDA:93,23,0,0
BRDA:93,23,1,0
BRDA:108,24,0,0
BRDA:108,24,1,0
BRDA:108,25,0,0
BRDA:108,25,1,0
BRDA:110,26,0,0
BRDA:110,26,1,0
BRDA:115,27,0,0
BRDA:115,27,1,0
BRDA:116,28,0,0
BRDA:116,28,1,0
BRDA:116,29,0,0
BRDA:116,29,1,0
BRDA:116,30,0,0
BRDA:116,30,1,0
BRF:62
BRH:0
end_of_record
TN:
SF:src/utils/retryHandler.ts
FN:3,withRetry
FN:13,(anonymous_1)
FN:43,(anonymous_2)
FNF:3
FNH:0
FNDA:0,withRetry
FNDA:0,(anonymous_1)
FNDA:0,(anonymous_2)
DA:3,1
DA:13,0
DA:16,0
DA:18,0
DA:19,0
DA:21,0
DA:22,0
DA:23,0
DA:24,0
DA:26,0
DA:27,0
DA:29,0
DA:31,0
DA:34,0
DA:35,0
DA:36,0
DA:38,0
DA:40,0
DA:43,0
DA:44,0
DA:48,0
LF:21
LH:1
BRDA:10,0,0,0
BRDA:11,1,0,0
BRDA:12,2,0,0
BRDA:13,3,0,0
BRDA:13,4,0,0
BRDA:13,4,1,0
BRDA:13,5,0,0
BRDA:13,5,1,0
BRDA:23,6,0,0
BRDA:23,6,1,0
BRDA:23,7,0,0
BRDA:23,7,1,0
BRDA:23,8,0,0
BRDA:23,8,1,0
BRDA:26,9,0,0
BRDA:26,9,1,0
BRDA:26,10,0,0
BRDA:26,10,1,0
BRDA:27,11,0,0
BRDA:27,11,1,0
BRDA:29,12,0,0
BRDA:29,12,1,0
BRDA:29,13,0,0
BRDA:29,13,1,0
BRDA:31,14,0,0
BRDA:31,14,1,0
BRDA:31,15,0,0
BRDA:31,15,1,0
BRDA:34,16,0,0
BRDA:34,16,1,0
BRDA:34,17,0,0
BRDA:34,17,1,0
BRDA:34,18,0,0
BRDA:34,18,1,0
BRDA:34,19,0,0
BRDA:34,19,1,0
BRDA:35,20,0,0
BRDA:35,20,1,0
BRF:38
BRH:0
end_of_record
